Mono path[0] = 'F:/Puc/Unity/Multplayer-Online/Build/Multplayer-Online_Data/Managed'
Mono config path = 'F:/Puc/Unity/Multplayer-Online/Build/MonoBleedingEdge/etc'
Starting managed debugger on port 56918
Using monoOptions --debugger-agent=transport=dt_socket,embedding=1,server=y,suspend=n,address=0.0.0.0:56918
Found 1 interfaces on host : 0) 192.168.1.100
Player connection [34368]  Target information:

Player connection [34368]  * "[IP] 192.168.1.100 [Port] 55000 [Flags] 2 [Guid] 2158634918 [EditorId] 3002377619 [Version] 1048832 [Id] WindowsPlayer(2,EnzoPC) [Debug] 1 [PackageName] WindowsPlayer [ProjectName] Multplayer-Online" 

Player connection [34368] Started UDP target info broadcast (1) on [225.0.0.222:54997].

Input System module state changed to: Initialized.
[Physics::Module] Initialized fallback backend.
[Physics::Module] Id: 0xdecafbad
Initialize engine version: 6000.0.40f1 (157d81624ddf)
[Subsystems] Discovering subsystems at path F:/Puc/Unity/Multplayer-Online/Build/Multplayer-Online_Data/UnitySubsystems
kGfxThreadingModeSplitJobs is not supported on Direct3D 11. Reverting to kGfxThreadingModeClientWorkerJobs instead.
GfxDevice: creating device client; kGfxThreadingModeClientWorkerJobs
Direct3D:
    Version:  Direct3D 11.0 [level 11.1]
    Renderer: NVIDIA GeForce GTX 1660 Ti (ID=0x2182)
    Vendor:   NVIDIA
    VRAM:     5966 MB
    Driver:   32.0.15.7652
Begin MonoManager ReloadAssembly
- Loaded All Assemblies, in  0.439 seconds
- Finished resetting the current domain, in  0.002 seconds
[Physics::Module] Selected backend.
[Physics::Module] Name: PhysX
[Physics::Module] Id: 0xf2b8ea05
[Physics::Module] SDK Version: 4.1.2
[Physics::Module] Integration Version: 1.0.0
[Physics::Module] Threading Mode: Multi-Threaded
<RI> Initializing input.
Using Windows.Gaming.Input
<RI> Input initialized.
<RI> Initialized touch support.
UnloadTime: 0.636700 ms
ThreadLog initialized.
UnityEngine.Debug:ExtractStackTraceNoAlloc (byte*,int,string)
UnityEngine.StackTraceUtility:ExtractStackTrace () (at C:/build/output/unity/unity/Runtime/Export/Scripting/StackTrace.cs:37)
UnityEngine.DebugLogHandler:Internal_Log (UnityEngine.LogType,UnityEngine.LogOption,string,UnityEngine.Object)
UnityEngine.DebugLogHandler:LogFormat (UnityEngine.LogType,UnityEngine.Object,string,object[])
UnityEngine.Logger:Log (UnityEngine.LogType,object)
UnityEngine.Debug:Log (object)
Mirror.ThreadLog:Initialize () (at F:/Puc/Unity/Multplayer-Online/Multplayer-Online/Assets/Mirror/Core/Threading/ThreadLog.cs:63)

(Filename: F:/Puc/Unity/Multplayer-Online/Multplayer-Online/Assets/Mirror/Core/Threading/ThreadLog.cs Line: 63)

NetworkManager (MyNetworkManager)
UnityEngine.Debug:ExtractStackTraceNoAlloc (byte*,int,string)
UnityEngine.StackTraceUtility:ExtractStackTrace () (at C:/build/output/unity/unity/Runtime/Export/Scripting/StackTrace.cs:37)
UnityEngine.DebugLogHandler:Internal_Log (UnityEngine.LogType,UnityEngine.LogOption,string,UnityEngine.Object)
UnityEngine.DebugLogHandler:LogFormat (UnityEngine.LogType,UnityEngine.Object,string,object[])
UnityEngine.Logger:Log (UnityEngine.LogType,object)
UnityEngine.Debug:Log (object)
SteamLobby:Start () (at F:/Puc/Unity/Multplayer-Online/Multplayer-Online/Assets/Scriptis/SteamLobby.cs:26)

(Filename: F:/Puc/Unity/Multplayer-Online/Multplayer-Online/Assets/Scriptis/SteamLobby.cs Line: 26)

RenderGraph is now enabled.
UnityEngine.Debug:ExtractStackTraceNoAlloc (byte*,int,string)
UnityEngine.StackTraceUtility:ExtractStackTrace () (at C:/build/output/unity/unity/Runtime/Export/Scripting/StackTrace.cs:37)
UnityEngine.DebugLogHandler:Internal_Log (UnityEngine.LogType,UnityEngine.LogOption,string,UnityEngine.Object)
UnityEngine.DebugLogHandler:LogFormat (UnityEngine.LogType,UnityEngine.Object,string,object[])
UnityEngine.Logger:Log (UnityEngine.LogType,object)
UnityEngine.Debug:Log (object)
UnityEngine.Rendering.Universal.UniversalRenderPipeline:.ctor (UnityEngine.Rendering.Universal.UniversalRenderPipelineAsset) (at ./Library/PackageCache/com.unity.render-pipelines.universal@bd2aa618476e/Runtime/UniversalRenderPipeline.cs:259)
UnityEngine.Rendering.Universal.UniversalRenderPipelineAsset:CreatePipeline () (at ./Library/PackageCache/com.unity.render-pipelines.universal@bd2aa618476e/Runtime/Data/UniversalRenderPipelineAsset.cs:799)
UnityEngine.Rendering.RenderPipelineAsset:InternalCreatePipeline () (at C:/build/output/unity/unity/Runtime/Export/RenderPipeline/RenderPipelineAsset.cs:15)
UnityEngine.Rendering.RenderPipelineManager:TryPrepareRenderPipeline (UnityEngine.Rendering.RenderPipelineAsset) (at C:/build/output/unity/unity/Runtime/Export/RenderPipeline/RenderPipelineManager.cs:165)
UnityEngine.Rendering.RenderPipelineManager:DoRenderLoop_Internal (UnityEngine.Rendering.RenderPipelineAsset,intptr,UnityEngine.Object) (at C:/build/output/unity/unity/Runtime/Export/RenderPipeline/RenderPipelineManager.cs:139)

(Filename: ./Library/PackageCache/com.unity.render-pipelines.universal@bd2aa618476e/Runtime/UniversalRenderPipeline.cs Line: 259)

Starting server [SteamSockets].
UnityEngine.Debug:ExtractStackTraceNoAlloc (byte*,int,string)
UnityEngine.StackTraceUtility:ExtractStackTrace () (at C:/build/output/unity/unity/Runtime/Export/Scripting/StackTrace.cs:37)
UnityEngine.DebugLogHandler:Internal_Log (UnityEngine.LogType,UnityEngine.LogOption,string,UnityEngine.Object)
UnityEngine.DebugLogHandler:LogFormat (UnityEngine.LogType,UnityEngine.Object,string,object[])
UnityEngine.Logger:Log (UnityEngine.LogType,object)
UnityEngine.Debug:Log (object)
Mirror.FizzySteam.FizzySteamworks:ServerStart () (at F:/Puc/Unity/Multplayer-Online/Multplayer-Online/Assets/Mirror/Transports/FizzySteamworks/FizzySteamworks.cs:159)
Mirror.NetworkServer:Listen (int) (at F:/Puc/Unity/Multplayer-Online/Multplayer-Online/Assets/Mirror/Core/NetworkServer.cs:149)
Mirror.NetworkManager:SetupServer () (at F:/Puc/Unity/Multplayer-Online/Multplayer-Online/Assets/Mirror/Core/NetworkManager.cs:305)
Mirror.NetworkManager:StartHost () (at F:/Puc/Unity/Multplayer-Online/Multplayer-Online/Assets/Mirror/Core/NetworkManager.cs:471)
SteamLobby/<WaitForServerStartAndSetupLobby>d__15:MoveNext () (at F:/Puc/Unity/Multplayer-Online/Multplayer-Online/Assets/Scriptis/SteamLobby.cs:56)
UnityEngine.SetupCoroutine:InvokeMoveNext (System.Collections.IEnumerator,intptr) (at C:/build/output/unity/unity/Runtime/Export/Scripting/Coroutines.cs:17)
UnityEngine.MonoBehaviour:StartCoroutineManaged2 (System.Collections.IEnumerator)
UnityEngine.MonoBehaviour:StartCoroutine (System.Collections.IEnumerator) (at C:/build/output/unity/unity/Runtime/Export/Scripting/MonoBehaviour.bindings.cs:114)
SteamLobby:OnLobbyCreated (Steamworks.LobbyCreated_t) (at F:/Puc/Unity/Multplayer-Online/Multplayer-Online/Assets/Scriptis/SteamLobby.cs:51)
Steamworks.Callback`1<Steamworks.LobbyCreated_t>:OnRunCallback (intptr) (at F:/Puc/Unity/Multplayer-Online/Multplayer-Online/Assets/com.rlabrecque.steamworks.net/Runtime/CallbackDispatcher.cs:291)
Steamworks.CallbackDispatcher:RunFrame (bool) (at F:/Puc/Unity/Multplayer-Online/Multplayer-Online/Assets/com.rlabrecque.steamworks.net/Runtime/CallbackDispatcher.cs:191)
Steamworks.SteamAPI:RunCallbacks () (at F:/Puc/Unity/Multplayer-Online/Multplayer-Online/Assets/com.rlabrecque.steamworks.net/Runtime/Steam.cs:185)
SteamManager:Update () (at F:/Puc/Unity/Multplayer-Online/Multplayer-Online/Assets/Scripts/Steamworks.NET/SteamManager.cs:173)

(Filename: F:/Puc/Unity/Multplayer-Online/Multplayer-Online/Assets/Mirror/Transports/FizzySteamworks/FizzySteamworks.cs Line: 159)

Server started listening
UnityEngine.Debug:ExtractStackTraceNoAlloc (byte*,int,string)
UnityEngine.StackTraceUtility:ExtractStackTrace () (at C:/build/output/unity/unity/Runtime/Export/Scripting/StackTrace.cs:37)
UnityEngine.DebugLogHandler:Internal_Log (UnityEngine.LogType,UnityEngine.LogOption,string,UnityEngine.Object)
UnityEngine.DebugLogHandler:LogFormat (UnityEngine.LogType,UnityEngine.Object,string,object[])
UnityEngine.Logger:Log (UnityEngine.LogType,object)
UnityEngine.Debug:Log (object)
Mirror.NetworkServer:Listen (int) (at F:/Puc/Unity/Multplayer-Online/Multplayer-Online/Assets/Mirror/Core/NetworkServer.cs:165)
Mirror.NetworkManager:SetupServer () (at F:/Puc/Unity/Multplayer-Online/Multplayer-Online/Assets/Mirror/Core/NetworkManager.cs:305)
Mirror.NetworkManager:StartHost () (at F:/Puc/Unity/Multplayer-Online/Multplayer-Online/Assets/Mirror/Core/NetworkManager.cs:471)
SteamLobby/<WaitForServerStartAndSetupLobby>d__15:MoveNext () (at F:/Puc/Unity/Multplayer-Online/Multplayer-Online/Assets/Scriptis/SteamLobby.cs:56)
UnityEngine.SetupCoroutine:InvokeMoveNext (System.Collections.IEnumerator,intptr) (at C:/build/output/unity/unity/Runtime/Export/Scripting/Coroutines.cs:17)
UnityEngine.MonoBehaviour:StartCoroutineManaged2 (System.Collections.IEnumerator)
UnityEngine.MonoBehaviour:StartCoroutine (System.Collections.IEnumerator) (at C:/build/output/unity/unity/Runtime/Export/Scripting/MonoBehaviour.bindings.cs:114)
SteamLobby:OnLobbyCreated (Steamworks.LobbyCreated_t) (at F:/Puc/Unity/Multplayer-Online/Multplayer-Online/Assets/Scriptis/SteamLobby.cs:51)
Steamworks.Callback`1<Steamworks.LobbyCreated_t>:OnRunCallback (intptr) (at F:/Puc/Unity/Multplayer-Online/Multplayer-Online/Assets/com.rlabrecque.steamworks.net/Runtime/CallbackDispatcher.cs:291)
Steamworks.CallbackDispatcher:RunFrame (bool) (at F:/Puc/Unity/Multplayer-Online/Multplayer-Online/Assets/com.rlabrecque.steamworks.net/Runtime/CallbackDispatcher.cs:191)
Steamworks.SteamAPI:RunCallbacks () (at F:/Puc/Unity/Multplayer-Online/Multplayer-Online/Assets/com.rlabrecque.steamworks.net/Runtime/Steam.cs:185)
SteamManager:Update () (at F:/Puc/Unity/Multplayer-Online/Multplayer-Online/Assets/Scripts/Steamworks.NET/SteamManager.cs:173)

(Filename: F:/Puc/Unity/Multplayer-Online/Multplayer-Online/Assets/Mirror/Core/NetworkServer.cs Line: 165)

Ola, conectei 
UnityEngine.Debug:ExtractStackTraceNoAlloc (byte*,int,string)
UnityEngine.StackTraceUtility:ExtractStackTrace () (at C:/build/output/unity/unity/Runtime/Export/Scripting/StackTrace.cs:37)
UnityEngine.DebugLogHandler:Internal_Log (UnityEngine.LogType,UnityEngine.LogOption,string,UnityEngine.Object)
UnityEngine.DebugLogHandler:LogFormat (UnityEngine.LogType,UnityEngine.Object,string,object[])
UnityEngine.Logger:Log (UnityEngine.LogType,object)
UnityEngine.Debug:Log (object)
MyNetworkManager:OnServerConnect (Mirror.NetworkConnectionToClient) (at F:/Puc/Unity/Multplayer-Online/Multplayer-Online/Assets/Scriptis/MyNetworkManager.cs:44)
Mirror.NetworkManager:OnServerAuthenticated (Mirror.NetworkConnectionToClient) (at F:/Puc/Unity/Multplayer-Online/Multplayer-Online/Assets/Mirror/Core/NetworkManager.cs:1163)
Mirror.NetworkManager:OnServerConnectInternal (Mirror.NetworkConnectionToClient) (at F:/Puc/Unity/Multplayer-Online/Multplayer-Online/Assets/Mirror/Core/NetworkManager.cs:1140)
Mirror.NetworkServer:OnConnected (Mirror.NetworkConnectionToClient) (at F:/Puc/Unity/Multplayer-Online/Multplayer-Online/Assets/Mirror/Core/NetworkServer.cs:732)
Mirror.HostMode:InvokeOnConnected () (at F:/Puc/Unity/Multplayer-Online/Multplayer-Online/Assets/Mirror/Core/HostMode.cs:31)
Mirror.NetworkManager:FinishStartHost () (at F:/Puc/Unity/Multplayer-Online/Multplayer-Online/Assets/Mirror/Core/NetworkManager.cs:557)
Mirror.NetworkManager:StartHost () (at F:/Puc/Unity/Multplayer-Online/Multplayer-Online/Assets/Mirror/Core/NetworkManager.cs:486)
SteamLobby/<WaitForServerStartAndSetupLobby>d__15:MoveNext () (at F:/Puc/Unity/Multplayer-Online/Multplayer-Online/Assets/Scriptis/SteamLobby.cs:56)
UnityEngine.SetupCoroutine:InvokeMoveNext (System.Collections.IEnumerator,intptr) (at C:/build/output/unity/unity/Runtime/Export/Scripting/Coroutines.cs:17)
UnityEngine.MonoBehaviour:StartCoroutineManaged2 (System.Collections.IEnumerator)
UnityEngine.MonoBehaviour:StartCoroutine (System.Collections.IEnumerator) (at C:/build/output/unity/unity/Runtime/Export/Scripting/MonoBehaviour.bindings.cs:114)
SteamLobby:OnLobbyCreated (Steamworks.LobbyCreated_t) (at F:/Puc/Unity/Multplayer-Online/Multplayer-Online/Assets/Scriptis/SteamLobby.cs:51)
Steamworks.Callback`1<Steamworks.LobbyCreated_t>:OnRunCallback (intptr) (at F:/Puc/Unity/Multplayer-Online/Multplayer-Online/Assets/com.rlabrecque.steamworks.net/Runtime/CallbackDispatcher.cs:291)
Steamworks.CallbackDispatcher:RunFrame (bool) (at F:/Puc/Unity/Multplayer-Online/Multplayer-Online/Assets/com.rlabrecque.steamworks.net/Runtime/CallbackDispatcher.cs:191)
Steamworks.SteamAPI:RunCallbacks () (at F:/Puc/Unity/Multplayer-Online/Multplayer-Online/Assets/com.rlabrecque.steamworks.net/Runtime/Steam.cs:185)
SteamManager:Update () (at F:/Puc/Unity/Multplayer-Online/Multplayer-Online/Assets/Scripts/Steamworks.NET/SteamManager.cs:173)

(Filename: F:/Puc/Unity/Multplayer-Online/Multplayer-Online/Assets/Scriptis/MyNetworkManager.cs Line: 44)

TargetRPC System.Void GameManager::TargetSyncState(Mirror.NetworkConnection) called on GameManager(Clone) requires a NetworkConnectionToClient but was given LocalConnectionToServer
UnityEngine.Debug:ExtractStackTraceNoAlloc (byte*,int,string)
UnityEngine.StackTraceUtility:ExtractStackTrace () (at C:/build/output/unity/unity/Runtime/Export/Scripting/StackTrace.cs:37)
UnityEngine.DebugLogHandler:Internal_Log (UnityEngine.LogType,UnityEngine.LogOption,string,UnityEngine.Object)
UnityEngine.DebugLogHandler:LogFormat (UnityEngine.LogType,UnityEngine.Object,string,object[])
UnityEngine.Logger:Log (UnityEngine.LogType,object,UnityEngine.Object)
UnityEngine.Debug:LogError (object,UnityEngine.Object)
Mirror.NetworkBehaviour:SendTargetRPCInternal (Mirror.NetworkConnection,string,int,Mirror.NetworkWriter,int) (at F:/Puc/Unity/Multplayer-Online/Multplayer-Online/Assets/Mirror/Core/NetworkBehaviour.cs:489)
GameManager:TargetSyncState (Mirror.NetworkConnection)
MyNetworkManager/<WaitForGameManager>d__8:MoveNext () (at F:/Puc/Unity/Multplayer-Online/Multplayer-Online/Assets/Scriptis/MyNetworkManager.cs:70)
UnityEngine.SetupCoroutine:InvokeMoveNext (System.Collections.IEnumerator,intptr) (at C:/build/output/unity/unity/Runtime/Export/Scripting/Coroutines.cs:17)
UnityEngine.MonoBehaviour:StartCoroutineManaged2 (System.Collections.IEnumerator)
UnityEngine.MonoBehaviour:StartCoroutine (System.Collections.IEnumerator) (at C:/build/output/unity/unity/Runtime/Export/Scripting/MonoBehaviour.bindings.cs:114)
MyNetworkManager:OnClientConnect () (at F:/Puc/Unity/Multplayer-Online/Multplayer-Online/Assets/Scriptis/MyNetworkManager.cs:53)
Mirror.NetworkManager:OnClientAuthenticated () (at F:/Puc/Unity/Multplayer-Online/Multplayer-Online/Assets/Mirror/Core/NetworkManager.cs:1234)
Mirror.NetworkManager:OnClientConnectInternal () (at F:/Puc/Unity/Multplayer-Online/Multplayer-Online/Assets/Mirror/Core/NetworkManager.cs:1209)
Mirror.LocalConnectionToServer:Update () (at F:/Puc/Unity/Multplayer-Online/Multplayer-Online/Assets/Mirror/Core/LocalConnectionToServer.cs:50)
Mirror.NetworkClient:NetworkLateUpdate () (at F:/Puc/Unity/Multplayer-Online/Multplayer-Online/Assets/Mirror/Core/NetworkClient.cs:1619)
Mirror.NetworkLoop:NetworkLateUpdate () (at F:/Puc/Unity/Multplayer-Online/Multplayer-Online/Assets/Mirror/Core/NetworkLoop.cs:208)

(Filename: F:/Puc/Unity/Multplayer-Online/Multplayer-Online/Assets/Mirror/Core/NetworkBehaviour.cs Line: 489)

Servidor iniciado e lobby configurado.
UnityEngine.Debug:ExtractStackTraceNoAlloc (byte*,int,string)
UnityEngine.StackTraceUtility:ExtractStackTrace () (at C:/build/output/unity/unity/Runtime/Export/Scripting/StackTrace.cs:37)
UnityEngine.DebugLogHandler:Internal_Log (UnityEngine.LogType,UnityEngine.LogOption,string,UnityEngine.Object)
UnityEngine.DebugLogHandler:LogFormat (UnityEngine.LogType,UnityEngine.Object,string,object[])
UnityEngine.Logger:Log (UnityEngine.LogType,object)
UnityEngine.Debug:Log (object)
SteamLobby/<WaitForServerStartAndSetupLobby>d__15:MoveNext () (at F:/Puc/Unity/Multplayer-Online/Multplayer-Online/Assets/Scriptis/SteamLobby.cs:70)
UnityEngine.SetupCoroutine:InvokeMoveNext (System.Collections.IEnumerator,intptr) (at C:/build/output/unity/unity/Runtime/Export/Scripting/Coroutines.cs:17)

(Filename: F:/Puc/Unity/Multplayer-Online/Multplayer-Online/Assets/Scriptis/SteamLobby.cs Line: 70)

TargetRPC System.Void SeletorCharacter::TargetOnCharacterSpawned(Mirror.NetworkConnection) can't be sent because it was given a null connection. Make sure CharacterSelector is owned by a connection, or if you pass a connection manually then make sure it's not null. For example, TargetRpcs can be called on Player/Pet which are owned by a connection. However, they can not be called on Monsters/Npcs which don't have an owner connection.
UnityEngine.Debug:ExtractStackTraceNoAlloc (byte*,int,string)
UnityEngine.StackTraceUtility:ExtractStackTrace () (at C:/build/output/unity/unity/Runtime/Export/Scripting/StackTrace.cs:37)
UnityEngine.DebugLogHandler:Internal_Log (UnityEngine.LogType,UnityEngine.LogOption,string,UnityEngine.Object)
UnityEngine.DebugLogHandler:LogFormat (UnityEngine.LogType,UnityEngine.Object,string,object[])
UnityEngine.Logger:Log (UnityEngine.LogType,object,UnityEngine.Object)
UnityEngine.Debug:LogError (object,UnityEngine.Object)
Mirror.NetworkBehaviour:SendTargetRPCInternal (Mirror.NetworkConnection,string,int,Mirror.NetworkWriter,int) (at F:/Puc/Unity/Multplayer-Online/Multplayer-Online/Assets/Mirror/Core/NetworkBehaviour.cs:482)
SeletorCharacter:TargetOnCharacterSpawned (Mirror.NetworkConnection)
SeletorCharacter:UserCode_CmdSelect__Int32 (int) (at F:/Puc/Unity/Multplayer-Online/Multplayer-Online/Assets/Scriptis/SeletorCharacter.cs:101)
SeletorCharacter:InvokeUserCode_CmdSelect__Int32 (Mirror.NetworkBehaviour,Mirror.NetworkReader,Mirror.NetworkConnectionToClient)
Mirror.RemoteCalls.RemoteProcedureCalls:Invoke (uint16,Mirror.RemoteCalls.RemoteCallType,Mirror.NetworkReader,Mirror.NetworkBehaviour,Mirror.NetworkConnectionToClient) (at F:/Puc/Unity/Multplayer-Online/Multplayer-Online/Assets/Mirror/Core/RemoteCalls.cs:133)
Mirror.NetworkIdentity:HandleRemoteCall (byte,uint16,Mirror.RemoteCalls.RemoteCallType,Mirror.NetworkReader,Mirror.NetworkConnectionToClient) (at F:/Puc/Unity/Multplayer-Online/Multplayer-Online/Assets/Mirror/Core/NetworkIdentity.cs:245)
Mirror.NetworkServer:OnCommandMessage (Mirror.NetworkConnectionToClient,Mirror.CommandMessage,int) (at F:/Puc/Unity/Multplayer-Online/Multplayer-Online/Assets/Mirror/Core/NetworkServer.cs:396)
Mirror.NetworkMessages/<>c__DisplayClass8_0`2<Mirror.CommandMessage, Mirror.NetworkConnectionToClient>:<WrapHandler>b__0 (Mirror.NetworkConnection,Mirror.NetworkReader,int) (at F:/Puc/Unity/Multplayer-Online/Multplayer-Online/Assets/Mirror/Core/NetworkMessages.cs:179)
Mirror.NetworkServer:UnpackAndInvoke (Mirror.NetworkConnectionToClient,Mirror.NetworkReader,int) (at F:/Puc/Unity/Multplayer-Online/Multplayer-Online/Assets/Mirror/Core/NetworkServer.cs:742)
Mirror.NetworkServer:OnTransportData (int,System.ArraySegment`1<byte>,int) (at F:/Puc/Unity/Multplayer-Online/Multplayer-Online/Assets/Mirror/Core/NetworkServer.cs:813)
Mirror.LocalConnectionToClient:Update () (at F:/Puc/Unity/Multplayer-Online/Multplayer-Online/Assets/Mirror/Core/LocalConnectionToClient.cs:57)
Mirror.NetworkServer:Broadcast () (at F:/Puc/Unity/Multplayer-Online/Multplayer-Online/Assets/Mirror/Core/NetworkServer.cs:2029)
Mirror.NetworkServer:NetworkLateUpdate () (at F:/Puc/Unity/Multplayer-Online/Multplayer-Online/Assets/Mirror/Core/NetworkServer.cs:2080)
Mirror.NetworkLoop:NetworkLateUpdate () (at F:/Puc/Unity/Multplayer-Online/Multplayer-Online/Assets/Mirror/Core/NetworkLoop.cs:207)

(Filename: F:/Puc/Unity/Multplayer-Online/Multplayer-Online/Assets/Mirror/Core/NetworkBehaviour.cs Line: 482)

TargetRPC System.Void GameManager::TargetSyncState(Mirror.NetworkConnection) can't be sent because it was given a null connection. Make sure GameManager(Clone) is owned by a connection, or if you pass a connection manually then make sure it's not null. For example, TargetRpcs can be called on Player/Pet which are owned by a connection. However, they can not be called on Monsters/Npcs which don't have an owner connection.
UnityEngine.Debug:ExtractStackTraceNoAlloc (byte*,int,string)
UnityEngine.StackTraceUtility:ExtractStackTrace () (at C:/build/output/unity/unity/Runtime/Export/Scripting/StackTrace.cs:37)
UnityEngine.DebugLogHandler:Internal_Log (UnityEngine.LogType,UnityEngine.LogOption,string,UnityEngine.Object)
UnityEngine.DebugLogHandler:LogFormat (UnityEngine.LogType,UnityEngine.Object,string,object[])
UnityEngine.Logger:Log (UnityEngine.LogType,object,UnityEngine.Object)
UnityEngine.Debug:LogError (object,UnityEngine.Object)
Mirror.NetworkBehaviour:SendTargetRPCInternal (Mirror.NetworkConnection,string,int,Mirror.NetworkWriter,int) (at F:/Puc/Unity/Multplayer-Online/Multplayer-Online/Assets/Mirror/Core/NetworkBehaviour.cs:482)
GameManager:TargetSyncState (Mirror.NetworkConnection)
SeletorCharacter:UserCode_CmdSelect__Int32 (int) (at F:/Puc/Unity/Multplayer-Online/Multplayer-Online/Assets/Scriptis/SeletorCharacter.cs:102)
SeletorCharacter:InvokeUserCode_CmdSelect__Int32 (Mirror.NetworkBehaviour,Mirror.NetworkReader,Mirror.NetworkConnectionToClient)
Mirror.RemoteCalls.RemoteProcedureCalls:Invoke (uint16,Mirror.RemoteCalls.RemoteCallType,Mirror.NetworkReader,Mirror.NetworkBehaviour,Mirror.NetworkConnectionToClient) (at F:/Puc/Unity/Multplayer-Online/Multplayer-Online/Assets/Mirror/Core/RemoteCalls.cs:133)
Mirror.NetworkIdentity:HandleRemoteCall (byte,uint16,Mirror.RemoteCalls.RemoteCallType,Mirror.NetworkReader,Mirror.NetworkConnectionToClient) (at F:/Puc/Unity/Multplayer-Online/Multplayer-Online/Assets/Mirror/Core/NetworkIdentity.cs:245)
Mirror.NetworkServer:OnCommandMessage (Mirror.NetworkConnectionToClient,Mirror.CommandMessage,int) (at F:/Puc/Unity/Multplayer-Online/Multplayer-Online/Assets/Mirror/Core/NetworkServer.cs:396)
Mirror.NetworkMessages/<>c__DisplayClass8_0`2<Mirror.CommandMessage, Mirror.NetworkConnectionToClient>:<WrapHandler>b__0 (Mirror.NetworkConnection,Mirror.NetworkReader,int) (at F:/Puc/Unity/Multplayer-Online/Multplayer-Online/Assets/Mirror/Core/NetworkMessages.cs:179)
Mirror.NetworkServer:UnpackAndInvoke (Mirror.NetworkConnectionToClient,Mirror.NetworkReader,int) (at F:/Puc/Unity/Multplayer-Online/Multplayer-Online/Assets/Mirror/Core/NetworkServer.cs:742)
Mirror.NetworkServer:OnTransportData (int,System.ArraySegment`1<byte>,int) (at F:/Puc/Unity/Multplayer-Online/Multplayer-Online/Assets/Mirror/Core/NetworkServer.cs:813)
Mirror.LocalConnectionToClient:Update () (at F:/Puc/Unity/Multplayer-Online/Multplayer-Online/Assets/Mirror/Core/LocalConnectionToClient.cs:57)
Mirror.NetworkServer:Broadcast () (at F:/Puc/Unity/Multplayer-Online/Multplayer-Online/Assets/Mirror/Core/NetworkServer.cs:2029)
Mirror.NetworkServer:NetworkLateUpdate () (at F:/Puc/Unity/Multplayer-Online/Multplayer-Online/Assets/Mirror/Core/NetworkServer.cs:2080)
Mirror.NetworkLoop:NetworkLateUpdate () (at F:/Puc/Unity/Multplayer-Online/Multplayer-Online/Assets/Mirror/Core/NetworkLoop.cs:207)

(Filename: F:/Puc/Unity/Multplayer-Online/Multplayer-Online/Assets/Mirror/Core/NetworkBehaviour.cs Line: 482)

